01:36:25.437 [main                     ] DEBUG GameApplication      - Logger initialized
01:36:25.452 [main                     ] DEBUG GameApplication      - Logging settings
Title: Egg & Basket
Version: 0.0
Width: 1005
Height: 550
Fullscreen: false
Intro: false
Menus: false
Profiling: false
Single step:false
App Mode: DEVELOPER
Menu Key: ESCAPE
Stage Style: DECORATED
Scene Factory: class com.almasb.fxgl.app.SceneFactory
Dialog Factory: class com.almasb.fxgl.ui.FXGLDialogFactory
UI Factory: class com.almasb.fxgl.ui.FXGLUIFactory

01:36:25.913 [JavaFX Application Thread] DEBUG Engine               - Initializing FXGL
01:36:25.923 [JavaFX Application Thread] INFO  Engine               - FXGL-11.2-beta on DESKTOP
01:36:25.923 [JavaFX Application Thread] INFO  Engine               - Source code and latest versions at: https://github.com/AlmasB/FXGL
01:36:25.924 [JavaFX Application Thread] INFO  Engine               -              Join the FXGL chat at: https://gitter.im/AlmasB/FXGL
01:36:25.928 [JavaFX Application Thread] DEBUG Engine               - Adding new engine service: class com.almasb.fxgl.audio.AudioPlayer
01:36:25.930 [JavaFX Application Thread] DEBUG Engine               - Adding new engine service: class com.almasb.fxgl.notification.impl.NotificationServiceProvider
01:36:25.931 [JavaFX Application Thread] DEBUG Engine               - Adding new engine service: class com.almasb.fxgl.achievement.AchievementManager
01:36:25.932 [JavaFX Application Thread] DEBUG Engine               - Adding new engine service: class com.almasb.fxgl.dev.DevService
01:36:25.952 [JavaFX Application Thread] DEBUG SaveLoadManager      - Checking profiles dir: profiles/
01:36:25.954 [JavaFX Application Thread] DEBUG FS                   - Loaded MobileFSService
01:36:25.955 [JavaFX Application Thread] DEBUG Engine               - Loading localizations
01:36:25.967 [JavaFX Application Thread] DEBUG AssetLoader          - Loading from disk: /assets/properties/languages/english.properties
01:36:25.970 [JavaFX Application Thread] DEBUG AssetLoader          - Loading from disk: /assets/properties/languages/french.properties
01:36:25.973 [JavaFX Application Thread] DEBUG AssetLoader          - Loading from disk: /assets/properties/languages/german.properties
01:36:25.974 [JavaFX Application Thread] DEBUG AssetLoader          - Loading from disk: /assets/properties/languages/russian.properties
01:36:25.977 [JavaFX Application Thread] DEBUG AssetLoader          - Loading from disk: /assets/properties/languages/hungarian.properties
01:36:25.980 [JavaFX Application Thread] DEBUG Engine               - Registering font factories
01:36:25.981 [JavaFX Application Thread] DEBUG AssetLoader          - Loading from disk: /assets/ui/fonts/VarelaRound-Regular.ttf
01:36:26.177 [JavaFX Application Thread] DEBUG AssetLoader          - Loading from disk: /assets/ui/fonts/Abel-Regular.ttf
01:36:26.191 [JavaFX Application Thread] DEBUG AssetLoader          - Loading from disk: /assets/ui/fonts/lucida_console.ttf
01:36:26.225 [JavaFX Application Thread] DEBUG AssetLoader          - Loading from disk: /assets/ui/fonts/Courier-Prime.ttf
01:36:26.241 [JavaFX Application Thread] DEBUG Engine               - Setting UI factory
01:36:26.331 [JavaFX Application Thread] DEBUG AssetLoader          - Loading from disk: /assets/ui/cursors/fxgl_default.png
01:36:26.429 [JavaFX Application Thread] DEBUG MainWindow           - Creating a JavaFX scene
01:36:26.498 [JavaFX Application Thread] DEBUG MainWindow           - Target settings size: 1005.0 x 550.0
01:36:26.498 [JavaFX Application Thread] DEBUG MainWindow           - Scaled scene size:    1005.0 x 550.0
01:36:26.498 [JavaFX Application Thread] DEBUG MainWindow           - Scaled ratio: (1.0, 1.0)
01:36:26.499 [JavaFX Application Thread] DEBUG AssetLoader          - Loading from disk: /assets/ui/css/fxgl_dark.css
01:36:26.500 [JavaFX Application Thread] DEBUG Input                - Clearing active input actions
01:36:26.501 [JavaFX Application Thread] DEBUG MainWindow           - StartupScene -> StartupScene
01:36:26.505 [JavaFX Application Thread] DEBUG AssetLoader          - Loading from disk: /assets/textures/fxgl_icon.png
01:36:26.528 [JavaFX Application Thread] DEBUG MainWindow           - Opening main window
01:36:26.753 [JavaFX Application Thread] DEBUG MainWindow           - Window border size: (15.0, 38.0)
01:36:26.753 [JavaFX Application Thread] DEBUG MainWindow           - Scaled size: 1005.0 x 550.0
01:36:26.753 [JavaFX Application Thread] DEBUG MainWindow           - Scaled ratio: (1.0, 1.0)
01:36:26.754 [JavaFX Application Thread] DEBUG MainWindow           - Scene size: 1005.0 x 550.0
01:36:26.754 [JavaFX Application Thread] DEBUG MainWindow           - Stage size: 1020.0 x 588.0
01:36:26.807 [FXGL Background Thread 1 ] DEBUG Engine               - Loading FXGL system data
01:36:26.839 [FXGL Background Thread 1 ] DEBUG MobileFSService      - Reading from: E:\Game projects\Project game\system\fxgl.bundle
01:36:26.858 [FXGL Background Thread 1 ] DEBUG Engine               - Bundle FXGL: {}
01:36:26.858 [FXGL Background Thread 1 ] DEBUG Engine               - Initializing application scenes
01:36:26.860 [FXGL Background Thread 1 ] DEBUG AssetLoader          - Loading from disk: /assets/ui/cursors/fxgl_default.png
01:36:26.882 [FXGL Background Thread 1 ] DEBUG GameWorld            - Game world initialized
01:36:27.053 [FXGL Background Thread 1 ] DEBUG PhysicsWorld         - Physics world initialized: appHeight=550, physics.ppm=50.0
01:36:27.055 [FXGL Background Thread 1 ] DEBUG AssetLoader          - Loading from disk: /assets/ui/cursors/fxgl_default.png
01:36:27.059 [FXGL Background Thread 1 ] DEBUG GameScene            - Game scene initialized: 1005x550
01:36:27.128 [FXGL Background Thread 1 ] DEBUG Input                - Registered new binding: Pause - Esc
01:36:27.128 [FXGL Background Thread 1 ] DEBUG Engine               - Application scenes initialized
01:36:27.136 [JavaFX Application Thread] DEBUG Engine               - Running preInit()
01:36:27.138 [JavaFX Application Thread] DEBUG Input                - Registered new binding: Screenshot - P
01:36:27.139 [JavaFX Application Thread] DEBUG Input                - Registered new binding: Dev Options - 1
01:36:27.139 [JavaFX Application Thread] DEBUG Input                - Registered new binding: System info dump - CTRL+9
01:36:27.140 [JavaFX Application Thread] DEBUG Input                - Registered new binding: Restart - CTRL+R
01:36:27.140 [JavaFX Application Thread] DEBUG Engine               - generateDefaultProfile()
01:36:27.140 [JavaFX Application Thread] DEBUG Engine               - Creating default profile
01:36:27.141 [JavaFX Application Thread] DEBUG EventBus             - Firing event: SaveEvent
01:36:27.158 [JavaFX Application Thread] DEBUG Engine               - Logging environment variables
01:36:27.158 [JavaFX Application Thread] DEBUG Engine               - achievementStores: []
01:36:27.158 [JavaFX Application Thread] DEBUG Engine               - cSS: fxgl_dark.css
01:36:27.159 [JavaFX Application Thread] DEBUG Engine               - language: ObjectProperty [value: ENGLISH]
01:36:27.159 [JavaFX Application Thread] DEBUG Engine               - isCloseConfirmation: false
01:36:27.159 [JavaFX Application Thread] DEBUG Engine               - isProfilingEnabled: false
01:36:27.159 [JavaFX Application Thread] DEBUG Engine               - soundNotification: core/notification.wav
01:36:27.159 [JavaFX Application Thread] DEBUG Engine               - pixelsPerMeter: 50.0
01:36:27.159 [JavaFX Application Thread] DEBUG Engine               - overlayRoot: Group@598f1be
01:36:27.159 [JavaFX Application Thread] DEBUG Engine               - appIcon: fxgl_icon.png
01:36:27.160 [JavaFX Application Thread] DEBUG Engine               - soundMenuBack: menu/back.wav
01:36:27.160 [JavaFX Application Thread] DEBUG Engine               - isFullScreenAllowed: false
01:36:27.160 [JavaFX Application Thread] DEBUG Engine               - isIntroEnabled: false
01:36:27.160 [JavaFX Application Thread] DEBUG Engine               - fontMono: lucida_console.ttf
01:36:27.160 [JavaFX Application Thread] DEBUG Engine               - soundMenuSelect: menu/select.wav
01:36:27.160 [JavaFX Application Thread] DEBUG Engine               - height: 550
01:36:27.160 [JavaFX Application Thread] DEBUG Engine               - isSingleStep: false
01:36:27.160 [JavaFX Application Thread] DEBUG Engine               - fontGame: Abel-Regular.ttf
01:36:27.160 [JavaFX Application Thread] DEBUG Engine               - menuKey: ESCAPE
01:36:27.161 [JavaFX Application Thread] DEBUG Engine               - versionCheckDays: 7
01:36:27.161 [JavaFX Application Thread] DEBUG Engine               - masterTimer: com.almasb.fxgl.time.Timer@415c1262
01:36:27.161 [JavaFX Application Thread] DEBUG Engine               - configClass: Optional.empty
01:36:27.161 [JavaFX Application Thread] DEBUG Engine               - version: 0.0
01:36:27.161 [JavaFX Application Thread] DEBUG Engine               - fullScreen: BooleanProperty [value: false]
01:36:27.161 [JavaFX Application Thread] DEBUG Engine               - dialogFactory: com.almasb.fxgl.ui.FXGLDialogFactory@211e6df
01:36:27.162 [JavaFX Application Thread] DEBUG Engine               - applicationMode: DEVELOPER
01:36:27.162 [JavaFX Application Thread] DEBUG Engine               - urlGoogleForms: https://goo.gl/forms/6wrMnOBxTE1fEpOy2
01:36:27.162 [JavaFX Application Thread] DEBUG Engine               - isMenuEnabled: false
01:36:27.162 [JavaFX Application Thread] DEBUG Engine               - urlPOM: https://raw.githubusercontent.com/AlmasB/FXGL/master/pom.xml
01:36:27.162 [JavaFX Application Thread] DEBUG Engine               - profileName: user.profile
01:36:27.162 [JavaFX Application Thread] DEBUG Engine               - notificationViewClass: class com.almasb.fxgl.notification.view.XboxNotificationView
01:36:27.162 [JavaFX Application Thread] DEBUG Engine               - sceneFactory: com.almasb.fxgl.app.SceneFactory@6bab8128
01:36:27.162 [JavaFX Application Thread] DEBUG Engine               - dataFileExt: .dat
01:36:27.163 [JavaFX Application Thread] DEBUG Engine               - stageStyle: DECORATED
01:36:27.163 [JavaFX Application Thread] DEBUG Engine               - isManualResizeEnabled: false
01:36:27.163 [JavaFX Application Thread] DEBUG Engine               - title: Egg & Basket
01:36:27.163 [JavaFX Application Thread] DEBUG Engine               - credits: []
01:36:27.163 [JavaFX Application Thread] DEBUG Engine               - uIFactory: com.almasb.fxgl.ui.FXGLUIFactory@54900164
01:36:27.163 [JavaFX Application Thread] DEBUG Engine               - fontText: Courier-Prime.ttf
01:36:27.163 [JavaFX Application Thread] DEBUG Engine               - isExperimentalTiledLargeMap: false
01:36:27.163 [JavaFX Application Thread] DEBUG Engine               - secondsIn24h: 60
01:36:27.164 [JavaFX Application Thread] DEBUG Engine               - soundMenuPress: menu/press.wav
01:36:27.164 [JavaFX Application Thread] DEBUG Engine               - urlGithub: https://github.com/AlmasB/FXGL
01:36:27.164 [JavaFX Application Thread] DEBUG Engine               - profileDir: profiles/
01:36:27.164 [JavaFX Application Thread] DEBUG Engine               - urlLeaderboard: http://fxgl-top.herokuapp.com/
01:36:27.164 [JavaFX Application Thread] DEBUG Engine               - saveDir: saves/
01:36:27.164 [JavaFX Application Thread] DEBUG Engine               - engineServices: [class com.almasb.fxgl.audio.AudioPlayer, class com.almasb.fxgl.notification.impl.NotificationServiceProvider, class com.almasb.fxgl.achievement.AchievementManager]
01:36:27.164 [JavaFX Application Thread] DEBUG Engine               - width: 1005
01:36:27.164 [JavaFX Application Thread] DEBUG Engine               - saveFileExt: .sav
01:36:27.164 [JavaFX Application Thread] DEBUG Engine               - fontUI: VarelaRound-Regular.ttf
01:36:27.165 [JavaFX Application Thread] DEBUG Engine               - enabledMenuItems: []
01:36:27.183 [JavaFX Application Thread] INFO  Engine               - FXGL initialization took: 1.228 sec
01:36:27.183 [JavaFX Application Thread] DEBUG LoopRunner           - Starting loop
01:36:27.204 [JavaFX Application Thread] DEBUG StartupScene         - STARTUP
01:36:27.204 [JavaFX Application Thread] DEBUG Engine               - Starting new game
01:36:27.205 [JavaFX Application Thread] DEBUG AssetLoader          - Loading from disk: /assets/ui/css/fxgl_dark.css
01:36:27.205 [JavaFX Application Thread] DEBUG Input                - Clearing active input actions
01:36:27.222 [JavaFX Application Thread] DEBUG MainWindow           - StartupScene -> LoadingScene
01:36:27.231 [JavaFX Application Thread] DEBUG Engine               - Removing overlay from StartupScene and adding to LoadingScene
01:36:27.233 [FXGL Background Thread 1 ] DEBUG InitAppTask          - Clearing previous game
01:36:27.234 [FXGL Background Thread 1 ] DEBUG GameWorld            - Clearing game world
01:36:27.234 [FXGL Background Thread 1 ] DEBUG PhysicsWorld         - Clearing physics world
01:36:27.234 [FXGL Background Thread 1 ] DEBUG GameScene            - Clearing game scene
01:36:27.234 [FXGL Background Thread 1 ] DEBUG InitAppTask          - Initializing Game
01:36:27.238 [FXGL Background Thread 1 ] DEBUG AssetLoader          - Loading from disk: /assets/textures/background.png
01:36:27.391 [FXGL Background Thread 1 ] DEBUG AssetLoader          - Loading from disk: /assets/textures/basket.png
01:36:27.506 [FXGL Background Thread 1 ] DEBUG InitAppTask          - Initializing Physics
01:36:27.507 [FXGL Background Thread 1 ] DEBUG InitAppTask          - Initializing UI
01:36:27.510 [FXGL Background Thread 1 ] DEBUG InitAppTask          - Initialization Complete
01:36:27.511 [FXGL Background Thread 1 ] INFO  InitAppTask          - Game initialization took: 0.278 sec
01:36:27.522 [JavaFX Application Thread] DEBUG AssetLoader          - Loading from disk: /assets/ui/css/fxgl_dark.css
01:36:27.522 [JavaFX Application Thread] DEBUG Input                - Clearing active input actions
01:36:27.536 [JavaFX Application Thread] DEBUG MainWindow           - LoadingScene -> GameScene
01:36:27.537 [JavaFX Application Thread] DEBUG Engine               - Removing overlay from LoadingScene and adding to GameScene
01:36:31.678 [JavaFX Application Thread] DEBUG Engine               - Exiting FXGL
01:36:31.678 [JavaFX Application Thread] DEBUG Engine               - Shutting down background threads
01:36:31.679 [JavaFX Application Thread] DEBUG Engine               - Saving FXGL system data
01:36:31.681 [JavaFX Application Thread] DEBUG MobileFSService      - Writing to: E:\Game projects\Project game\system\fxgl.bundle
01:36:31.685 [JavaFX Application Thread] DEBUG Engine               - Closing logger and exiting JavaFX
